* installing *source* package ‘fmrilss’ ...
** using staged installation
** libs
using C++ compiler: ‘Homebrew clang version 20.1.6’
using C++11
using SDK: ‘MacOSX14.2.sdk’
clang++ -arch arm64 -std=gnu++11 -I"/Library/Frameworks/R.framework/Resources/include" -DNDEBUG  -I'/Users/bbuchsbaum/Library/R/arm64/4.3/library/Rcpp/include' -I'/Users/bbuchsbaum/Library/R/arm64/4.3/library/RcppArmadillo/include' -I/opt/homebrew/opt/llvm/include    -fPIC  -falign-functions=64 -Wall -g -O2  -c RcppExports.cpp -o RcppExports.o
clang++ -arch arm64 -std=gnu++11 -I"/Library/Frameworks/R.framework/Resources/include" -DNDEBUG  -I'/Users/bbuchsbaum/Library/R/arm64/4.3/library/Rcpp/include' -I'/Users/bbuchsbaum/Library/R/arm64/4.3/library/RcppArmadillo/include' -I/opt/homebrew/opt/llvm/include    -fPIC  -falign-functions=64 -Wall -g -O2  -c lss.cpp -o lss.o
clang++ -arch arm64 -std=gnu++11 -I"/Library/Frameworks/R.framework/Resources/include" -DNDEBUG  -I'/Users/bbuchsbaum/Library/R/arm64/4.3/library/Rcpp/include' -I'/Users/bbuchsbaum/Library/R/arm64/4.3/library/RcppArmadillo/include' -I/opt/homebrew/opt/llvm/include    -fPIC  -falign-functions=64 -Wall -g -O2  -c lss_optimized.cpp -o lss_optimized.o
clang++ -arch arm64 -std=gnu++11 -dynamiclib -Wl,-headerpad_max_install_names -undefined dynamic_lookup -L/Library/Frameworks/R.framework/Resources/lib -L/opt/homebrew/opt/llvm/lib -Wl,-rpath,/opt/homebrew/opt/llvm/lib -lomp -o fmrilss.so RcppExports.o lss.o lss_optimized.o -F/Library/Frameworks/R.framework/.. -framework R -Wl,-framework -Wl,CoreFoundation
installing to /Users/bbuchsbaum/code/fmrilss/..Rcheck/00LOCK-fmrilss/00new/fmrilss/libs
** R
** byte-compile and prepare package for lazy loading
** help
*** installing help indices
** building package indices
** installing vignettes
** testing if installed package can be loaded from temporary location
** checking absolute paths in shared objects and dynamic libraries
** testing if installed package can be loaded from final location
** testing if installed package keeps a record of temporary installation path
* DONE (fmrilss)
